Log file created at: 2024-02-06 15:17:56 16198 129142956243072
2024-02-06 15:17:56 16198 129142956243072 ipc/ipc_path_manager.cc(539) LOG(ERROR) cannot open: /home/elisena/.config/mozc/.session.ipc
2024-02-06 15:17:56 16198 129142956243072 ipc/ipc_path_manager.cc(276) LOG(ERROR) LoadPathName failed
2024-02-06 15:17:56 16198 129142956243072 ipc/ipc_path_manager.cc(539) LOG(ERROR) cannot open: /home/elisena/.config/mozc/.session.ipc
2024-02-06 15:17:56 16198 129142956243072 ipc/ipc_path_manager.cc(276) LOG(ERROR) LoadPathName failed
2024-02-06 15:17:56 16198 129142956243072 client/client.cc(565) LOG(ERROR) Connection failure to session
2024-02-06 15:17:56 16198 129142956243072 ipc/ipc_path_manager.cc(539) LOG(ERROR) cannot open: /home/elisena/.config/mozc/.session.ipc
2024-02-06 15:17:56 16198 129142956243072 ipc/ipc_path_manager.cc(276) LOG(ERROR) LoadPathName failed
2024-02-06 15:17:56 16198 129142956243072 ipc/ipc_path_manager.cc(539) LOG(ERROR) cannot open: /home/elisena/.config/mozc/.session.ipc
2024-02-06 15:17:56 16198 129142956243072 ipc/ipc_path_manager.cc(276) LOG(ERROR) LoadPathName failed
2024-02-06 15:17:56 16198 129142956243072 client/client.cc(565) LOG(ERROR) Connection failure to session
2024-02-06 16:09:31 16198 129142956243072 ipc/unix_ipc.cc(290) LOG(WARNING) connect failed: Connection refused
2024-02-06 16:09:31 16198 129142956243072 ipc/unix_ipc.cc(290) LOG(WARNING) connect failed: Connection refused
2024-02-06 16:09:31 16198 129142956243072 client/client.cc(645) LOG(ERROR) Connection failure to session
2024-02-06 16:09:31 16198 129142956243072 ipc/unix_ipc.cc(290) LOG(WARNING) connect failed: Connection refused
2024-02-06 16:09:31 16198 129142956243072 ipc/unix_ipc.cc(290) LOG(WARNING) connect failed: Connection refused
2024-02-06 16:09:31 16198 129142956243072 client/client.cc(645) LOG(ERROR) Connection failure to session
2024-02-06 16:09:31 16198 129142956243072 ipc/unix_ipc.cc(290) LOG(WARNING) connect failed: Connection refused
2024-02-06 16:09:31 16198 129142956243072 ipc/unix_ipc.cc(290) LOG(WARNING) connect failed: Connection refused
2024-02-06 16:09:31 16198 129142956243072 client/client.cc(645) LOG(ERROR) Connection failure to session
2024-02-06 16:09:31 16198 129142956243072 client/client.cc(472) LOG(ERROR) DeleteSession failed
2024-02-06 16:09:31 16198 129142956243072 ipc/unix_ipc.cc(290) LOG(WARNING) connect failed: Connection refused
2024-02-06 16:09:31 16198 129142956243072 ipc/unix_ipc.cc(290) LOG(WARNING) connect failed: Connection refused
2024-02-06 16:09:31 16198 129142956243072 client/client.cc(645) LOG(ERROR) Connection failure to session
2024-02-06 16:09:31 16198 129142956243072 ipc/unix_ipc.cc(290) LOG(WARNING) connect failed: Connection refused
2024-02-06 16:09:31 16198 129142956243072 ipc/unix_ipc.cc(290) LOG(WARNING) connect failed: Connection refused
2024-02-06 16:09:31 16198 129142956243072 client/client.cc(645) LOG(ERROR) Connection failure to session
2024-02-06 16:09:31 16198 129142956243072 client/client.cc(472) LOG(ERROR) DeleteSession failed
2024-02-06 16:09:31 16198 129142956243072 ipc/unix_ipc.cc(290) LOG(WARNING) connect failed: Connection refused
2024-02-06 16:09:31 16198 129142956243072 ipc/unix_ipc.cc(290) LOG(WARNING) connect failed: Connection refused
2024-02-06 16:09:31 16198 129142956243072 client/client.cc(645) LOG(ERROR) Connection failure to session
2024-02-06 16:09:31 16198 129142956243072 ipc/unix_ipc.cc(290) LOG(WARNING) connect failed: Connection refused
2024-02-06 16:09:31 16198 129142956243072 ipc/unix_ipc.cc(290) LOG(WARNING) connect failed: Connection refused
2024-02-06 16:09:31 16198 129142956243072 client/client.cc(645) LOG(ERROR) Connection failure to session
2024-02-06 16:09:31 16198 129142956243072 client/client.cc(472) LOG(ERROR) DeleteSession failed
2024-02-06 16:09:31 16198 129142956243072 ipc/unix_ipc.cc(290) LOG(WARNING) connect failed: Connection refused
2024-02-06 16:09:31 16198 129142956243072 ipc/unix_ipc.cc(290) LOG(WARNING) connect failed: Connection refused
2024-02-06 16:09:31 16198 129142956243072 client/client.cc(645) LOG(ERROR) Connection failure to session
2024-02-06 16:09:31 16198 129142956243072 ipc/unix_ipc.cc(290) LOG(WARNING) connect failed: Connection refused
2024-02-06 16:09:31 16198 129142956243072 ipc/unix_ipc.cc(290) LOG(WARNING) connect failed: Connection refused
2024-02-06 16:09:31 16198 129142956243072 client/client.cc(645) LOG(ERROR) Connection failure to session
2024-02-06 16:09:31 16198 129142956243072 client/client.cc(472) LOG(ERROR) DeleteSession failed
2024-02-06 16:09:31 16198 129142956243072 ipc/unix_ipc.cc(290) LOG(WARNING) connect failed: Connection refused
2024-02-06 16:09:31 16198 129142956243072 ipc/unix_ipc.cc(290) LOG(WARNING) connect failed: Connection refused
2024-02-06 16:09:31 16198 129142956243072 client/client.cc(645) LOG(ERROR) Connection failure to session
2024-02-06 16:09:31 16198 129142956243072 ipc/unix_ipc.cc(290) LOG(WARNING) connect failed: Connection refused
2024-02-06 16:09:31 16198 129142956243072 ipc/unix_ipc.cc(290) LOG(WARNING) connect failed: Connection refused
2024-02-06 16:09:31 16198 129142956243072 client/client.cc(645) LOG(ERROR) Connection failure to session
2024-02-06 16:09:31 16198 129142956243072 client/client.cc(472) LOG(ERROR) DeleteSession failed
2024-02-06 16:09:31 16198 129142956243072 ipc/unix_ipc.cc(290) LOG(WARNING) connect failed: Connection refused
2024-02-06 16:09:31 16198 129142956243072 ipc/unix_ipc.cc(290) LOG(WARNING) connect failed: Connection refused
2024-02-06 16:09:31 16198 129142956243072 client/client.cc(645) LOG(ERROR) Connection failure to session
2024-02-06 16:09:31 16198 129142956243072 ipc/unix_ipc.cc(290) LOG(WARNING) connect failed: Connection refused
2024-02-06 16:09:31 16198 129142956243072 ipc/unix_ipc.cc(290) LOG(WARNING) connect failed: Connection refused
2024-02-06 16:09:31 16198 129142956243072 client/client.cc(645) LOG(ERROR) Connection failure to session
2024-02-06 16:09:31 16198 129142956243072 client/client.cc(472) LOG(ERROR) DeleteSession failed
2024-02-06 16:09:31 16198 129142956243072 ipc/unix_ipc.cc(290) LOG(WARNING) connect failed: Connection refused
2024-02-06 16:09:31 16198 129142956243072 ipc/unix_ipc.cc(290) LOG(WARNING) connect failed: Connection refused
2024-02-06 16:09:31 16198 129142956243072 client/client.cc(645) LOG(ERROR) Connection failure to session
2024-02-06 16:09:31 16198 129142956243072 ipc/unix_ipc.cc(290) LOG(WARNING) connect failed: Connection refused
2024-02-06 16:09:31 16198 129142956243072 ipc/unix_ipc.cc(290) LOG(WARNING) connect failed: Connection refused
2024-02-06 16:09:31 16198 129142956243072 client/client.cc(645) LOG(ERROR) Connection failure to session
2024-02-06 16:09:31 16198 129142956243072 client/client.cc(472) LOG(ERROR) DeleteSession failed
2024-02-06 16:09:31 16198 129142956243072 ipc/unix_ipc.cc(290) LOG(WARNING) connect failed: Connection refused
2024-02-06 16:09:31 16198 129142956243072 ipc/unix_ipc.cc(290) LOG(WARNING) connect failed: Connection refused
2024-02-06 16:09:31 16198 129142956243072 client/client.cc(645) LOG(ERROR) Connection failure to session
2024-02-06 16:09:31 16198 129142956243072 ipc/unix_ipc.cc(290) LOG(WARNING) connect failed: Connection refused
2024-02-06 16:09:31 16198 129142956243072 ipc/unix_ipc.cc(290) LOG(WARNING) connect failed: Connection refused
2024-02-06 16:09:31 16198 129142956243072 client/client.cc(645) LOG(ERROR) Connection failure to session
2024-02-06 16:09:31 16198 129142956243072 client/client.cc(472) LOG(ERROR) DeleteSession failed
2024-02-06 16:09:31 16198 129142956243072 ipc/unix_ipc.cc(290) LOG(WARNING) connect failed: Connection refused
2024-02-06 16:09:31 16198 129142956243072 ipc/unix_ipc.cc(290) LOG(WARNING) connect failed: Connection refused
2024-02-06 16:09:31 16198 129142956243072 client/client.cc(645) LOG(ERROR) Connection failure to session
2024-02-06 16:09:31 16198 129142956243072 ipc/unix_ipc.cc(290) LOG(WARNING) connect failed: Connection refused
2024-02-06 16:09:31 16198 129142956243072 ipc/unix_ipc.cc(290) LOG(WARNING) connect failed: Connection refused
2024-02-06 16:09:31 16198 129142956243072 client/client.cc(645) LOG(ERROR) Connection failure to session
