2024-02-04 15:15:29.873 [info] Added views:workbench.panel.markers.view in workbench.panel.markers
2024-02-04 15:15:29.873 [info] Added views:workbench.panel.output in workbench.panel.output
2024-02-04 15:15:29.873 [info] Added views:terminal in terminal
2024-02-04 15:15:29.873 [info] Added views:outline in workbench.view.explorer
2024-02-04 15:15:29.873 [info] Added views:workbench.scm in workbench.view.scm
2024-02-04 15:15:29.873 [info] Added views:workbench.view.search in workbench.view.search
2024-02-04 15:15:29.873 [info] Added views:timeline in workbench.view.explorer
2024-02-04 15:15:29.873 [info] Added views:workbench.explorer.fileView in workbench.view.explorer
2024-02-04 15:15:30.082 [info] Added views:gitlens.views.home,gitlens.views.drafts,gitlens.views.workspaces,gitlens.views.account in workbench.view.extension.gitlens
2024-02-04 15:15:30.083 [info] Added views:gitlens.views.commitDetails,gitlens.views.lineHistory,gitlens.views.fileHistory,gitlens.views.searchAndCompare in workbench.view.extension.gitlensInspect
2024-02-04 15:15:30.083 [info] Added views:gitlens.views.commits,gitlens.views.branches,gitlens.views.remotes,gitlens.views.stashes,gitlens.views.tags,gitlens.views.contributors in workbench.view.scm
2024-02-04 15:15:30.083 [info] Added views:phind-left-panel-webview in workbench.view.extension.phind-webview
2024-02-04 15:15:30.084 [info] Added views:learn-vim in workbench.view.extension.learn-vim-container
2024-02-04 15:15:30.370 [info] Added views:workbench.debug.welcome in workbench.view.debug
2024-02-04 15:15:30.427 [info] Added views:workbench.panel.repl.view in workbench.panel.repl
2024-02-04 15:15:31.009 [info] Added views:workbench.view.testing in workbench.view.extension.test
2024-02-04 15:15:31.962 [info] Added views:~remote.forwardedPorts in ~remote.forwardedPortsContainer
2024-02-04 15:15:33.279 [info] Added views:gitlens.views.graph,gitlens.views.graphDetails in workbench.view.extension.gitlensPanel
2024-02-04 15:15:33.280 [info] Added views:gitlens.views.timeline in workbench.view.extension.gitlensInspect
2024-02-04 15:15:33.281 [info] Added views:gitlens.views.worktrees in workbench.view.scm
