2024-02-05 20:48:08.177 [info] Extension host with pid 21530 started
2024-02-05 20:48:08.177 [info] Skipping acquiring lock for /home/elisena/.config/Code/User/workspaceStorage/7d197df70ecd8fd4b836cfe241b6d465.
2024-02-05 20:48:08.218 [info] ExtensionService#_doActivateExtension vscode.git-base, startup: true, activationEvent: '*', root cause: vscode.git
2024-02-05 20:48:08.222 [info] ExtensionService#_doActivateExtension mhutchie.git-graph, startup: true, activationEvent: '*'
2024-02-05 20:48:08.290 [info] ExtensionService#_doActivateExtension vscode.git, startup: true, activationEvent: '*'
2024-02-05 20:48:08.319 [info] ExtensionService#_doActivateExtension vscode.github, startup: true, activationEvent: '*'
2024-02-05 20:48:08.378 [info] Eager extensions activated
2024-02-05 20:48:08.444 [info] ExtensionService#_doActivateExtension vscode.debug-auto-launch, startup: false, activationEvent: 'onStartupFinished'
2024-02-05 20:48:08.447 [info] ExtensionService#_doActivateExtension vscode.merge-conflict, startup: false, activationEvent: 'onStartupFinished'
2024-02-05 20:48:08.455 [info] ExtensionService#_doActivateExtension Catppuccin.catppuccin-vsc, startup: false, activationEvent: 'onStartupFinished'
2024-02-05 20:48:08.460 [info] ExtensionService#_doActivateExtension eamodio.gitlens, startup: false, activationEvent: 'onStartupFinished'
2024-02-05 20:48:08.509 [info] ExtensionService#_doActivateExtension esbenp.prettier-vscode, startup: false, activationEvent: 'onStartupFinished'
2024-02-05 20:48:08.557 [info] ExtensionService#_doActivateExtension pdconsec.vscode-print, startup: false, activationEvent: 'onStartupFinished'
2024-02-05 20:48:08.602 [info] ExtensionService#_doActivateExtension phind.phind, startup: false, activationEvent: 'onStartupFinished'
2024-02-05 20:48:09.218 [info] ExtensionService#_doActivateExtension streetsidesoftware.code-spell-checker, startup: false, activationEvent: 'onStartupFinished'
2024-02-05 20:48:09.286 [info] ExtensionService#_doActivateExtension vscodevim.vim, startup: false, activationEvent: 'onStartupFinished'
2024-02-05 20:48:09.649 [info] ExtensionService#_doActivateExtension vscode.github-authentication, startup: false, activationEvent: 'onAuthenticationRequest:github'
2024-02-05 20:48:10.608 [info] ExtensionService#_doActivateExtension vscode.json-language-features, startup: false, activationEvent: 'onLanguage:jsonc'
2024-02-05 20:48:10.629 [info] ExtensionService#_doActivateExtension vscode.typescript-language-features, startup: false, activationEvent: 'onLanguage:jsonc'
2024-02-05 20:48:10.661 [info] ExtensionService#_doActivateExtension vscode.emmet, startup: false, activationEvent: 'onLanguage'
2024-02-05 20:59:13.708 [warning] [Decorations] CAPPING events from decorations provider vscode.git 10000
2024-02-05 20:59:14.350 [warning] [Decorations] CAPPING events from decorations provider vscode.git 10000
2024-02-05 21:00:07.389 [error] Error: Git error
	at ChildProcess.<anonymous> (/opt/visual-studio-code/resources/app/extensions/git/dist/main.js:2:994012)
	at ChildProcess.emit (node:events:526:35)
	at Process.onexit (node:internal/child_process:291:12)
2024-02-05 21:00:08.391 [error] Error: Git error
	at ChildProcess.<anonymous> (/opt/visual-studio-code/resources/app/extensions/git/dist/main.js:2:994012)
	at ChildProcess.emit (node:events:526:35)
	at Process.onexit (node:internal/child_process:291:12)
