2024-02-04 15:15:31.322 [info] Log level: Info
2024-02-04 15:15:31.322 [info] Validating found git in: "git"
2024-02-04 15:15:31.322 [info] Using git "2.43.0" from "git"
2024-02-04 15:15:31.322 [info] > git rev-parse --show-toplevel [3ms]
2024-02-04 15:15:31.323 [info] > git rev-parse --git-dir --git-common-dir [3ms]
2024-02-04 15:15:31.328 [info] Open repository: /home/elisena/Code/SkripsiL
2024-02-04 15:15:31.355 [info] > git config --get commit.template [13ms]
2024-02-04 15:15:32.171 [info] > git rev-parse --show-toplevel [818ms]
2024-02-04 15:15:32.398 [info] > git rev-parse --show-toplevel [68ms]
2024-02-04 15:15:32.398 [info] > git for-each-ref --format=%(refname)%00%(upstream:short)%00%(objectname)%00%(upstream:track)%00%(upstream:remotename)%00%(upstream:remoteref) refs/heads/main refs/remotes/main [82ms]
2024-02-04 15:15:32.428 [info] > git rev-parse --show-toplevel [9ms]
2024-02-04 15:15:32.500 [info] > git rev-parse --show-toplevel [50ms]
2024-02-04 15:15:32.514 [info] > git status -z -uall [17ms]
2024-02-04 15:15:32.542 [info] > git rev-parse --show-toplevel [29ms]
2024-02-04 15:15:32.563 [info] > git config --get commit.template [22ms]
2024-02-04 15:15:32.564 [info] > git rev-parse --show-toplevel [3ms]
2024-02-04 15:15:32.609 [info] > git rev-parse --show-toplevel [5ms]
2024-02-04 15:15:32.609 [info] > git for-each-ref --format=%(refname)%00%(upstream:short)%00%(objectname)%00%(upstream:track)%00%(upstream:remotename)%00%(upstream:remoteref) refs/heads/main refs/remotes/main [18ms]
2024-02-04 15:15:32.652 [info] > git rev-parse --show-toplevel [4ms]
2024-02-04 15:15:32.701 [info] > git status -z -uall [15ms]
2024-02-04 15:15:32.701 [info] > git check-ignore -v -z --stdin [2ms]
2024-02-04 15:17:11.553 [info] > git config --get commit.template [2ms]
2024-02-04 15:17:11.566 [info] > git for-each-ref --format=%(refname)%00%(upstream:short)%00%(objectname)%00%(upstream:track)%00%(upstream:remotename)%00%(upstream:remoteref) refs/heads/main refs/remotes/main [2ms]
2024-02-04 15:17:11.581 [info] > git status -z -uall [2ms]
2024-02-04 15:17:20.436 [info] > git show --textconv :2simulasi/Kalibrasi/kalibrasiSimpel/1kalibrasiSimpel.py [13ms]
2024-02-04 15:17:20.437 [info] > git ls-files --stage -- /home/elisena/Code/SkripsiL/2simulasi/Kalibrasi/kalibrasiSimpel/1kalibrasiSimpel.py [1ms]
2024-02-04 15:17:20.449 [info] > git cat-file -s e54120d23d9c0439d291611c59bdc5bc12a26d16 [1ms]
2024-02-04 15:17:52.934 [info] > git config --get commit.template [10ms]
2024-02-04 15:17:52.934 [info] > git for-each-ref --format=%(refname)%00%(upstream:short)%00%(objectname)%00%(upstream:track)%00%(upstream:remotename)%00%(upstream:remoteref) refs/heads/main refs/remotes/main [1ms]
2024-02-04 15:17:52.946 [info] > git status -z -uall [2ms]
2024-02-04 15:17:53.025 [info] > git ls-files --stage -- /home/elisena/Code/SkripsiL/2simulasi/Kalibrasi/kalibrasiSimpel/1kalibrasiSimpel.py [2ms]
2024-02-04 15:17:53.034 [info] > git cat-file -s dcdf48f0889c56bd9d7e9bcbdbfaf1bbe6f2499f [1ms]
2024-02-04 15:17:53.046 [info] > git show --textconv :2simulasi/Kalibrasi/kalibrasiSimpel/1kalibrasiSimpel.py [1ms]
2024-02-04 15:18:10.734 [info] > git config --get commit.template [9ms]
2024-02-04 15:18:10.735 [info] > git for-each-ref --format=%(refname)%00%(upstream:short)%00%(objectname)%00%(upstream:track)%00%(upstream:remotename)%00%(upstream:remoteref) refs/heads/main refs/remotes/main [2ms]
2024-02-04 15:18:10.746 [info] > git status -z -uall [3ms]
2024-02-04 15:18:10.828 [info] > git ls-files --stage -- /home/elisena/Code/SkripsiL/2simulasi/Kalibrasi/kalibrasiSimpel/1kalibrasiSimpel.py [2ms]
2024-02-04 15:18:10.837 [info] > git cat-file -s dcdf48f0889c56bd9d7e9bcbdbfaf1bbe6f2499f [1ms]
2024-02-04 15:18:10.848 [info] > git show --textconv :2simulasi/Kalibrasi/kalibrasiSimpel/1kalibrasiSimpel.py [2ms]
2024-02-04 15:18:20.124 [info] > git config --get commit.template [9ms]
2024-02-04 15:18:20.125 [info] > git for-each-ref --format=%(refname)%00%(upstream:short)%00%(objectname)%00%(upstream:track)%00%(upstream:remotename)%00%(upstream:remoteref) refs/heads/main refs/remotes/main [1ms]
2024-02-04 15:18:20.137 [info] > git status -z -uall [2ms]
2024-02-04 15:18:20.215 [info] > git ls-files --stage -- /home/elisena/Code/SkripsiL/2simulasi/Kalibrasi/kalibrasiSimpel/1kalibrasiSimpel.py [2ms]
2024-02-04 15:18:20.224 [info] > git cat-file -s dcdf48f0889c56bd9d7e9bcbdbfaf1bbe6f2499f [1ms]
2024-02-04 15:18:20.236 [info] > git show --textconv :2simulasi/Kalibrasi/kalibrasiSimpel/1kalibrasiSimpel.py [1ms]
2024-02-04 15:19:16.089 [info] > git config --get commit.template [11ms]
2024-02-04 15:19:16.090 [info] > git for-each-ref --format=%(refname)%00%(upstream:short)%00%(objectname)%00%(upstream:track)%00%(upstream:remotename)%00%(upstream:remoteref) refs/heads/lateral-cal refs/remotes/lateral-cal [1ms]
2024-02-04 15:19:16.103 [info] > git status -z -uall [3ms]
2024-02-04 15:19:16.180 [info] > git ls-files --stage -- /home/elisena/Code/SkripsiL/2simulasi/Kalibrasi/kalibrasiSimpel/1kalibrasiSimpel.py [1ms]
2024-02-04 15:19:16.192 [info] > git cat-file -s 664050f02e3c7e3608949f373a7af228ff49133c [1ms]
2024-02-04 15:19:16.205 [info] > git show --textconv :2simulasi/Kalibrasi/kalibrasiSimpel/1kalibrasiSimpel.py [1ms]
2024-02-04 15:19:33.839 [info] > git show --textconv :2simulasi/Kalibrasi/kalibrasiSimpel/1kalibrasiSimpel copy.py [16ms]
2024-02-04 15:19:33.840 [info] > git ls-files --stage -- /home/elisena/Code/SkripsiL/2simulasi/Kalibrasi/kalibrasiSimpel/1kalibrasiSimpel copy.py [2ms]
2024-02-04 15:19:34.075 [info] > git check-ignore -v -z --stdin [1ms]
2024-02-04 15:19:34.656 [info] > git config --get commit.template [2ms]
2024-02-04 15:19:34.667 [info] > git for-each-ref --format=%(refname)%00%(upstream:short)%00%(objectname)%00%(upstream:track)%00%(upstream:remotename)%00%(upstream:remoteref) refs/heads/lateral-cal refs/remotes/lateral-cal [1ms]
2024-02-04 15:19:34.681 [info] > git status -z -uall [2ms]
2024-02-04 15:19:40.587 [info] > git show --textconv :2simulasi/Kalibrasi/kalibrasiSimpel/1kalibrasiSimpelserver.py [15ms]
2024-02-04 15:19:40.588 [info] > git ls-files --stage -- /home/elisena/Code/SkripsiL/2simulasi/Kalibrasi/kalibrasiSimpel/1kalibrasiSimpelserver.py [2ms]
2024-02-04 15:19:42.837 [info] > git show --textconv :2simulasi/Kalibrasi/kalibrasiSimpel/1kalibrasiSimpel copy.py [14ms]
2024-02-04 15:19:42.838 [info] > git ls-files --stage -- /home/elisena/Code/SkripsiL/2simulasi/Kalibrasi/kalibrasiSimpel/1kalibrasiSimpel copy.py [1ms]
2024-02-04 15:19:49.585 [info] > git show --textconv :2simulasi/Kalibrasi/kalibrasiSimpel/1kalibrasiSimpelserver.py [16ms]
2024-02-04 15:19:49.587 [info] > git ls-files --stage -- /home/elisena/Code/SkripsiL/2simulasi/Kalibrasi/kalibrasiSimpel/1kalibrasiSimpelserver.py [2ms]
2024-02-04 15:19:53.306 [info] > git show --textconv :2simulasi/Kalibrasi/kalibrasiSimpel/1kalibrasiSimpel.py [12ms]
2024-02-04 15:19:53.307 [info] > git ls-files --stage -- /home/elisena/Code/SkripsiL/2simulasi/Kalibrasi/kalibrasiSimpel/1kalibrasiSimpel.py [2ms]
2024-02-04 15:19:53.320 [info] > git cat-file -s 664050f02e3c7e3608949f373a7af228ff49133c [1ms]
2024-02-04 15:19:54.832 [info] > git show --textconv :2simulasi/Kalibrasi/kalibrasiSimpel/1kalibrasiSimpel copy.py [18ms]
2024-02-04 15:19:54.833 [info] > git ls-files --stage -- /home/elisena/Code/SkripsiL/2simulasi/Kalibrasi/kalibrasiSimpel/1kalibrasiSimpel copy.py [1ms]
2024-02-04 15:20:37.475 [info] > git show --textconv :2simulasi/Kalibrasi/kalibrasiSimpel/1kalibrasiSimpel.py [12ms]
2024-02-04 15:20:37.476 [info] > git ls-files --stage -- /home/elisena/Code/SkripsiL/2simulasi/Kalibrasi/kalibrasiSimpel/1kalibrasiSimpel.py [2ms]
2024-02-04 15:20:37.488 [info] > git cat-file -s 664050f02e3c7e3608949f373a7af228ff49133c [1ms]
2024-02-04 15:20:38.713 [info] > git show --textconv :2simulasi/Kalibrasi/kalibrasiSimpel/1kalibrasiSimpel copy.py [16ms]
2024-02-04 15:20:38.713 [info] > git ls-files --stage -- /home/elisena/Code/SkripsiL/2simulasi/Kalibrasi/kalibrasiSimpel/1kalibrasiSimpel copy.py [1ms]
2024-02-04 15:20:53.641 [info] > git check-ignore -v -z --stdin [1ms]
2024-02-04 15:21:15.381 [info] > git config --get commit.template [39ms]
2024-02-04 15:21:15.407 [info] > git for-each-ref --format=%(refname)%00%(upstream:short)%00%(objectname)%00%(upstream:track)%00%(upstream:remotename)%00%(upstream:remoteref) refs/heads/main refs/remotes/main [4ms]
2024-02-04 15:21:15.433 [info] > git status -z -uall [4ms]
2024-02-04 15:21:22.673 [info] > git show --textconv :2simulasi/Kalibrasi/kalibrasiSimpel/1kalibrasiSimpel copy.py [34ms]
2024-02-04 15:21:22.680 [info] > git ls-files --stage -- /home/elisena/Code/SkripsiL/2simulasi/Kalibrasi/kalibrasiSimpel/1kalibrasiSimpel copy.py [13ms]
2024-02-04 15:21:28.892 [info] > git show --textconv :2simulasi/Kalibrasi/kalibrasiSimpel/1kalibrasiSimpel.py [58ms]
2024-02-04 15:21:28.893 [info] > git ls-files --stage -- /home/elisena/Code/SkripsiL/2simulasi/Kalibrasi/kalibrasiSimpel/1kalibrasiSimpel.py [29ms]
2024-02-04 15:21:28.923 [info] > git cat-file -s dcdf48f0889c56bd9d7e9bcbdbfaf1bbe6f2499f [6ms]
2024-02-04 15:21:30.303 [info] > git show --textconv :README.md [34ms]
2024-02-04 15:21:30.303 [info] > git check-ignore -v -z --stdin [5ms]
2024-02-04 15:21:30.400 [info] > git ls-files --stage -- /home/elisena/Code/SkripsiL/README.md [67ms]
2024-02-04 15:21:30.435 [info] > git cat-file -s 03e7c4314858c48f0642485d353ebc6a61bcf647 [10ms]
2024-02-04 15:21:43.373 [info] > git show --textconv :2simulasi/Kalibrasi/kalibrasiSimpel/1kalibrasiSimpel.py [67ms]
2024-02-04 15:21:43.373 [info] > git ls-files --stage -- /home/elisena/Code/SkripsiL/2simulasi/Kalibrasi/kalibrasiSimpel/1kalibrasiSimpel.py [34ms]
2024-02-04 15:21:43.405 [info] > git cat-file -s dcdf48f0889c56bd9d7e9bcbdbfaf1bbe6f2499f [3ms]
2024-02-04 15:21:43.542 [info] > git config --get commit.template [15ms]
2024-02-04 15:21:43.587 [info] > git for-each-ref --format=%(refname)%00%(upstream:short)%00%(objectname)%00%(upstream:track)%00%(upstream:remotename)%00%(upstream:remoteref) refs/heads/main refs/remotes/main [6ms]
2024-02-04 15:21:43.755 [info] > git ls-files --stage -- /home/elisena/Code/SkripsiL/2simulasi/Kalibrasi/kalibrasiSimpel/1kalibrasiSimpel.py [28ms]
2024-02-04 15:21:43.784 [info] > git status -z -uall [30ms]
2024-02-04 15:21:43.801 [info] > git cat-file -s dcdf48f0889c56bd9d7e9bcbdbfaf1bbe6f2499f [19ms]
2024-02-04 15:21:43.835 [info] > git show --textconv :2simulasi/Kalibrasi/kalibrasiSimpel/1kalibrasiSimpel.py [2ms]
2024-02-04 15:22:06.717 [info] > git config --get commit.template [45ms]
2024-02-04 15:22:06.744 [info] > git for-each-ref --format=%(refname)%00%(upstream:short)%00%(objectname)%00%(upstream:track)%00%(upstream:remotename)%00%(upstream:remoteref) refs/heads/main refs/remotes/main [4ms]
2024-02-04 15:22:06.772 [info] > git status -z -uall [5ms]
2024-02-04 15:23:00.210 [info] > git config --get commit.template [44ms]
2024-02-04 15:23:00.233 [info] > git for-each-ref --format=%(refname)%00%(upstream:short)%00%(objectname)%00%(upstream:track)%00%(upstream:remotename)%00%(upstream:remoteref) refs/heads/main refs/remotes/main [3ms]
2024-02-04 15:23:00.260 [info] > git status -z -uall [5ms]
2024-02-04 15:23:33.875 [info] > git config --get commit.template [2ms]
2024-02-04 15:23:33.975 [info] > git for-each-ref --format=%(refname)%00%(upstream:short)%00%(objectname)%00%(upstream:track)%00%(upstream:remotename)%00%(upstream:remoteref) refs/heads/lateral-cal refs/remotes/lateral-cal [29ms]
2024-02-04 15:23:34.000 [info] > git ls-files --stage -- /home/elisena/Code/SkripsiL/2simulasi/Kalibrasi/kalibrasiSimpel/1kalibrasiSimpel.py [26ms]
2024-02-04 15:23:34.023 [info] > git status -z -uall [25ms]
2024-02-04 15:23:34.027 [info] > git cat-file -s 664050f02e3c7e3608949f373a7af228ff49133c [4ms]
2024-02-04 15:23:34.057 [info] > git show --textconv :2simulasi/Kalibrasi/kalibrasiSimpel/1kalibrasiSimpel.py [3ms]
2024-02-04 15:23:43.229 [info] > git show --textconv :2simulasi/Kalibrasi/kalibrasiSimpel/1kalibrasiSimpel copy.py [31ms]
2024-02-04 15:23:43.233 [info] > git ls-files --stage -- /home/elisena/Code/SkripsiL/2simulasi/Kalibrasi/kalibrasiSimpel/1kalibrasiSimpel copy.py [8ms]
2024-02-04 15:23:44.128 [info] > git config --get commit.template [54ms]
2024-02-04 15:23:44.158 [info] > git for-each-ref --format=%(refname)%00%(upstream:short)%00%(objectname)%00%(upstream:track)%00%(upstream:remotename)%00%(upstream:remoteref) refs/heads/lateral-cal refs/remotes/lateral-cal [3ms]
2024-02-04 15:23:44.192 [info] > git status -z -uall [4ms]
2024-02-04 15:24:09.244 [info] > git for-each-ref --format=%(refname)%00%(upstream:short)%00%(objectname)%00%(upstream:track)%00%(upstream:remotename)%00%(upstream:remoteref) refs/heads/lateral-cal refs/remotes/lateral-cal [4ms]
2024-02-04 15:24:09.274 [info] > git status -z -uall [5ms]
2024-02-04 15:24:48.107 [info] > git show --textconv :2simulasi/Kalibrasi/kalibrasiSimpel/1kalibrasiSimpel copy.py [32ms]
2024-02-04 15:24:48.112 [info] > git ls-files --stage -- /home/elisena/Code/SkripsiL/2simulasi/Kalibrasi/kalibrasiSimpel/1kalibrasiSimpel copy.py [13ms]
