2023-12-01T10:13:38.774Z - info: [ui] [AppStore] loading 0 repositories from store
2023-12-01T10:13:38.803Z - info: [ui] [Welcome] no sign in step found. ignoring...
2023-12-01T10:13:38.805Z - info: [ui] launching: 3.3.5-linux2 (Linux 6.6.3-arch1-1)
2023-12-01T10:13:38.806Z - info: [ui] execPath: '/opt/github-desktop/github-desktop'
2023-12-01T10:13:38.860Z - info: [ui] [Welcome] no sign in step found. ignoring...
2023-12-01T10:13:38.870Z - info: [ui] [Welcome] no sign in step found. ignoring...
2023-12-01T10:13:39.657Z - info: [ui] Opt in reported.
2023-12-01T10:13:40.727Z - info: [ui] [Welcome] no sign in step found. ignoring...
2023-12-01T10:13:46.232Z - info: [ui] [Welcome] advancing to step: SignInToDotComWithBrowser
2023-12-01T10:13:46.233Z - info: [ui] [SignInStore] initializing OAuth flow
2023-12-01T10:13:46.238Z - info: [main] opening in browser: https://github.com/login/oauth/authorize?client_id=3a723b10ac5575cc5bb9&scope=repo%20user%20workflow&state=4edd4626-22cc-41f2-8236-a4ffc7d91b0d
2023-12-01T10:13:46.239Z - info: [ui] [Welcome] current sign in state not found. ignoring...
2023-12-01T10:13:46.870Z - info: [ui] [Welcome] kind Authentication is the same as Authentication. ignoring...
2023-12-01T10:14:07.265Z - info: [main] Received possible protocol arguments: 3
2023-12-01T10:14:07.265Z - info: [main] Processing protocol url
2023-12-01T10:14:07.266Z - info: [ui] [Dispatcher] requesting authenticated user
2023-12-01T10:14:07.267Z - info: [ui] [Welcome] kind Authentication is the same as Authentication. ignoring...
2023-12-01T10:14:07.284Z - info: [ui] [Welcome] kind Authentication is the same as Authentication. ignoring...
2023-12-01T10:14:07.332Z - info: [main] Received possible protocol arguments: 2
2023-12-01T10:14:07.334Z - info: [main] Processing protocol url
2023-12-01T10:14:08.576Z - info: [ui] [SignInStore] account resolved
2023-12-01T10:14:08.577Z - info: [ui] [AppStore] adding account DMelisena (elisena) to store
2023-12-01T10:14:08.583Z - info: [ui] [Welcome] advancing to step: ConfigureGit
2023-12-01T10:14:08.617Z - info: [ui] [Welcome] no sign in step found. ignoring...
2023-12-01T10:14:09.378Z - info: [ui] Subscribed 'DMelisena' to Alive channel
2023-12-01T10:14:09.467Z - info: [ui] [Welcome] no sign in step found. ignoring...
2023-12-01T10:24:44.527Z - info: [main] Received possible protocol arguments: 2
2023-12-01T10:25:05.262Z - info: [ui] [AppStore] adding repository at /home/elisena/Code/SkripsiL to store
2023-12-01T10:25:06.123Z - info: [ui] [BranchPruner] No branches to prune.
