2024-02-05 12:18:32.897 [info] Log level: Info
2024-02-05 12:18:32.897 [info] Validating found git in: "git"
2024-02-05 12:18:32.897 [info] Using git "2.43.0" from "git"
2024-02-05 12:18:32.897 [info] > git rev-parse --show-toplevel [5ms]
2024-02-05 12:18:32.897 [info] > git rev-parse --git-dir --git-common-dir [212ms]
2024-02-05 12:18:32.897 [info] Open repository: /home/elisena/Code/SkripsiL
2024-02-05 12:18:32.897 [info] > git rev-parse --show-toplevel [32ms]
2024-02-05 12:18:32.932 [info] > git rev-parse --show-toplevel [18ms]
2024-02-05 12:18:32.958 [info] > git for-each-ref --format=%(refname)%00%(upstream:short)%00%(objectname)%00%(upstream:track)%00%(upstream:remotename)%00%(upstream:remoteref) refs/heads/lateral-cal refs/remotes/lateral-cal [28ms]
2024-02-05 12:18:32.974 [info] > git status -z -uall [4ms]
2024-02-05 12:18:32.974 [info] > git rev-parse --show-toplevel [17ms]
2024-02-05 12:18:33.019 [info] > git rev-parse --show-toplevel [13ms]
2024-02-05 12:18:33.047 [info] > git rev-parse --show-toplevel [15ms]
2024-02-05 12:18:33.092 [info] > git for-each-ref --format=%(refname)%00%(upstream:short)%00%(objectname)%00%(upstream:track)%00%(upstream:remotename)%00%(upstream:remoteref) refs/heads/lateral-cal refs/remotes/lateral-cal [46ms]
2024-02-05 12:18:33.108 [info] > git rev-parse --show-toplevel [18ms]
2024-02-05 12:18:33.159 [info] > git status -z -uall [54ms]
2024-02-05 12:18:33.163 [info] > git rev-parse --show-toplevel [5ms]
2024-02-05 12:18:33.411 [info] > git check-ignore -v -z --stdin [1ms]
2024-02-05 12:18:33.534 [info] > git show --textconv :2simulasi/Kalibrasi/kalibrasiSimpel/1kalibrasiSimpel copy.py [27ms]
2024-02-05 12:18:33.535 [info] > git ls-files --stage -- /home/elisena/Code/SkripsiL/2simulasi/Kalibrasi/kalibrasiSimpel/1kalibrasiSimpel copy.py [14ms]
2024-02-05 12:20:32.006 [info] > git show --textconv :2simulasi/Kalibrasi/kalibrasiSimpel/1kalibrasiSimpel copy.py [22ms]
2024-02-05 12:20:32.008 [info] > git ls-files --stage -- /home/elisena/Code/SkripsiL/2simulasi/Kalibrasi/kalibrasiSimpel/1kalibrasiSimpel copy.py [8ms]
2024-02-05 12:21:11.978 [info] > git for-each-ref --format=%(refname)%00%(upstream:short)%00%(objectname)%00%(upstream:track)%00%(upstream:remotename)%00%(upstream:remoteref) refs/heads/lateral-cal refs/remotes/lateral-cal [1ms]
2024-02-05 12:21:11.999 [info] > git status -z -uall [12ms]
2024-02-05 13:17:58.680 [info] > git for-each-ref --format=%(refname)%00%(upstream:short)%00%(objectname)%00%(upstream:track)%00%(upstream:remotename)%00%(upstream:remoteref) refs/heads/lateral-cal refs/remotes/lateral-cal [2ms]
2024-02-05 13:17:58.702 [info] > git status -z -uall [4ms]
2024-02-05 13:18:43.055 [info] > git config --get commit.template [20ms]
2024-02-05 13:18:43.056 [info] > git for-each-ref --format=%(refname)%00%(upstream:short)%00%(objectname)%00%(upstream:track)%00%(upstream:remotename)%00%(upstream:remoteref) refs/heads/lateral-cal refs/remotes/lateral-cal [3ms]
2024-02-05 13:18:43.082 [info] > git status -z -uall [5ms]
2024-02-05 13:22:23.018 [info] > git show --textconv :2simulasi/Kalibrasi/kalibrasiSimpel/1kalibrasiSimpel.py [17ms]
2024-02-05 13:22:23.019 [info] > git ls-files --stage -- /home/elisena/Code/SkripsiL/2simulasi/Kalibrasi/kalibrasiSimpel/1kalibrasiSimpel.py [2ms]
2024-02-05 13:22:23.036 [info] > git cat-file -s a383a0376523af11d284bc23d7ac13a51749245d [3ms]
