2024-02-05 12:18:30.376 [info] Added views:workbench.panel.markers.view in workbench.panel.markers
2024-02-05 12:18:30.376 [info] Added views:workbench.panel.output in workbench.panel.output
2024-02-05 12:18:30.376 [info] Added views:terminal in terminal
2024-02-05 12:18:30.376 [info] Added views:outline in workbench.view.explorer
2024-02-05 12:18:30.376 [info] Added views:workbench.scm in workbench.view.scm
2024-02-05 12:18:30.376 [info] Added views:workbench.view.search in workbench.view.search
2024-02-05 12:18:30.376 [info] Added views:timeline in workbench.view.explorer
2024-02-05 12:18:30.376 [info] Added views:workbench.explorer.fileView in workbench.view.explorer
2024-02-05 12:18:30.581 [info] Added views:workbench.debug.welcome in workbench.view.debug
2024-02-05 12:18:30.723 [info] Added views:gitlens.views.home,gitlens.views.drafts,gitlens.views.workspaces,gitlens.views.account in workbench.view.extension.gitlens
2024-02-05 12:18:30.724 [info] Added views:gitlens.views.commitDetails,gitlens.views.lineHistory,gitlens.views.fileHistory,gitlens.views.searchAndCompare in workbench.view.extension.gitlensInspect
2024-02-05 12:18:30.724 [info] Added views:gitlens.views.commits,gitlens.views.branches,gitlens.views.remotes,gitlens.views.stashes,gitlens.views.tags,gitlens.views.contributors in workbench.view.scm
2024-02-05 12:18:30.725 [info] Added views:phind-left-panel-webview in workbench.view.extension.phind-webview
2024-02-05 12:18:30.725 [info] Added views:learn-vim in workbench.view.extension.learn-vim-container
2024-02-05 12:18:30.932 [info] Added views:workbench.panel.repl.view in workbench.panel.repl
2024-02-05 12:18:31.563 [info] Added views:workbench.view.testing in workbench.view.extension.test
2024-02-05 12:18:32.482 [info] Added views:~remote.forwardedPorts in ~remote.forwardedPortsContainer
2024-02-05 12:18:33.600 [info] Added views:gitlens.views.graph,gitlens.views.graphDetails in workbench.view.extension.gitlensPanel
2024-02-05 12:18:33.601 [info] Added views:gitlens.views.timeline in workbench.view.extension.gitlensInspect
2024-02-05 12:18:33.601 [info] Added views:gitlens.views.worktrees in workbench.view.scm
2024-02-05 12:20:27.469 [info] Added views:workbench.debug.breakPointsView in workbench.view.debug
2024-02-05 12:20:28.297 [info] Removed views:workbench.debug.breakPointsView from workbench.view.debug
2024-02-05 12:20:28.839 [info] Added views:workbench.debug.breakPointsView in workbench.view.debug
