2024-02-05 03:30:46.186 [info] Extension host with pid 42253 started
2024-02-05 03:30:46.187 [info] Skipping acquiring lock for /home/elisena/.config/Code/User/workspaceStorage/6442a3781aac7f0018a3b769379cf1e2.
2024-02-05 03:30:46.366 [info] ExtensionService#_doActivateExtension vscode.emmet, startup: false, activationEvent: 'onLanguage'
2024-02-05 03:30:46.376 [info] ExtensionService#_doActivateExtension ms-python.python, startup: false, activationEvent: 'onLanguage:python'
2024-02-05 03:30:46.472 [info] ExtensionService#_doActivateExtension ms-toolsai.jupyter, startup: false, activationEvent: 'onLanguage:python'
2024-02-05 03:30:47.205 [info] ExtensionService#_doActivateExtension ms-toolsai.jupyter-renderers, startup: false, activationEvent: 'api', root cause: ms-toolsai.jupyter
2024-02-05 03:30:47.216 [info] ExtensionService#_doActivateExtension vscode.git-base, startup: true, activationEvent: '*', root cause: vscode.git
2024-02-05 03:30:47.218 [info] ExtensionService#_doActivateExtension mhutchie.git-graph, startup: true, activationEvent: '*'
2024-02-05 03:30:47.359 [info] ExtensionService#_doActivateExtension vscode.git, startup: true, activationEvent: '*'
2024-02-05 03:30:47.394 [info] ExtensionService#_doActivateExtension vscode.github, startup: true, activationEvent: '*'
2024-02-05 03:30:47.516 [info] Eager extensions activated
2024-02-05 03:30:47.689 [info] ExtensionService#_doActivateExtension vscode.debug-auto-launch, startup: false, activationEvent: 'onStartupFinished'
2024-02-05 03:30:47.692 [info] ExtensionService#_doActivateExtension vscode.merge-conflict, startup: false, activationEvent: 'onStartupFinished'
2024-02-05 03:30:47.700 [info] ExtensionService#_doActivateExtension Catppuccin.catppuccin-vsc, startup: false, activationEvent: 'onStartupFinished'
2024-02-05 03:30:47.705 [info] ExtensionService#_doActivateExtension eamodio.gitlens, startup: false, activationEvent: 'onStartupFinished'
2024-02-05 03:30:47.765 [info] ExtensionService#_doActivateExtension esbenp.prettier-vscode, startup: false, activationEvent: 'onStartupFinished'
2024-02-05 03:30:47.831 [info] ExtensionService#_doActivateExtension pdconsec.vscode-print, startup: false, activationEvent: 'onStartupFinished'
2024-02-05 03:30:47.902 [info] ExtensionService#_doActivateExtension phind.phind, startup: false, activationEvent: 'onStartupFinished'
2024-02-05 03:30:48.721 [info] ExtensionService#_doActivateExtension streetsidesoftware.code-spell-checker, startup: false, activationEvent: 'onStartupFinished'
2024-02-05 03:30:48.818 [info] ExtensionService#_doActivateExtension vscodevim.vim, startup: false, activationEvent: 'onStartupFinished'
