2024-02-04 15:15:32.548 [info] Configuration changed
2024-02-04 15:15:32.710 [info] Configuration changed
2024-02-04 15:15:33.180 [info] /home/elisena/.config/Code/User/settings.json closed
2024-02-04 15:15:37.596 [info] Executing :136
2024-02-04 15:16:07.746 [info] Active editor: file:///home/elisena/Code/SkripsiL/2simulasi/Kalibrasi/kalibrasiSimpel/1kalibrasiSimpel.py
2024-02-04 15:16:12.802 [info] Active editor: file:///home/elisena/Code/SkripsiL/2simulasi/Kalibrasi/kalibrasiSimpel/1kalibrasiSimpelserver.py
2024-02-04 15:16:15.606 [info] Active editor: file:///home/elisena/Code/SkripsiL/2simulasi/Kalibrasi/kalibrasiSimpel/1kalibrasiSimpel.py
2024-02-04 15:16:46.880 [info] Active editor: file:///home/elisena/Code/SkripsiL/2simulasi/Kalibrasi/kalibrasiSimpel/1kalibrasiSimpelserver.py
2024-02-04 15:16:49.083 [info] Searching for zlen
2024-02-04 15:16:54.349 [info] Active editor: file:///home/elisena/Code/SkripsiL/2simulasi/Kalibrasi/kalibrasiSimpel/1kalibrasiSimpel.py
2024-02-04 15:16:57.763 [info] Searching for zlen
2024-02-04 15:17:02.017 [info] Active editor: file:///home/elisena/Code/SkripsiL/2simulasi/Kalibrasi/kalibrasiSimpel/1kalibrasiSimpelserver.py
2024-02-04 15:17:07.862 [info] Active editor: file:///home/elisena/Code/SkripsiL/2simulasi/Kalibrasi/kalibrasiSimpel/1kalibrasiSimpel.py
2024-02-04 15:17:18.654 [info] Active editor: file:///home/elisena/Code/SkripsiL/2simulasi/Kalibrasi/kalibrasiSimpel/1kalibrasiSimpelserver.py
2024-02-04 15:17:18.688 [info] /home/elisena/Code/SkripsiL/2simulasi/Kalibrasi/kalibrasiSimpel/1kalibrasiSimpelserver.py closed
2024-02-04 15:17:18.749 [info] Active editor: file:///home/elisena/Code/SkripsiL/2simulasi/Kalibrasi/kalibrasiSimpel/1kalibrasiSimpel.py
2024-02-04 15:17:20.200 [info] Active editor: file:///home/elisena/Code/SkripsiL/2simulasi/Kalibrasi/kalibrasiSimpel/1kalibrasiSimpel.py
2024-02-04 15:19:33.591 [info] Active editor: file:///home/elisena/Code/SkripsiL/2simulasi/Kalibrasi/kalibrasiSimpel/1kalibrasiSimpel%20copy.py
2024-02-04 15:19:33.624 [info] /home/elisena/Code/SkripsiL/2simulasi/Kalibrasi/kalibrasiSimpel/1kalibrasiSimpel.py.git closed
2024-02-04 15:19:40.351 [info] Active editor: file:///home/elisena/Code/SkripsiL/2simulasi/Kalibrasi/kalibrasiSimpel/1kalibrasiSimpelserver.py
2024-02-04 15:19:40.389 [info] /home/elisena/Code/SkripsiL/2simulasi/Kalibrasi/kalibrasiSimpel/1kalibrasiSimpel copy.py.git closed
2024-02-04 15:19:42.595 [info] /home/elisena/Code/SkripsiL/2simulasi/Kalibrasi/kalibrasiSimpel/1kalibrasiSimpelserver.py closed
2024-02-04 15:19:42.600 [info] Active editor: file:///home/elisena/Code/SkripsiL/2simulasi/Kalibrasi/kalibrasiSimpel/1kalibrasiSimpel%20copy.py
2024-02-04 15:19:42.606 [info] /home/elisena/Code/SkripsiL/2simulasi/Kalibrasi/kalibrasiSimpel/1kalibrasiSimpelserver.py.git closed
2024-02-04 15:19:49.345 [info] Active editor: file:///home/elisena/Code/SkripsiL/2simulasi/Kalibrasi/kalibrasiSimpel/1kalibrasiSimpelserver.py
2024-02-04 15:19:49.381 [info] /home/elisena/Code/SkripsiL/2simulasi/Kalibrasi/kalibrasiSimpel/1kalibrasiSimpel copy.py.git closed
2024-02-04 15:19:53.073 [info] Active editor: file:///home/elisena/Code/SkripsiL/2simulasi/Kalibrasi/kalibrasiSimpel/1kalibrasiSimpel.py
2024-02-04 15:19:53.077 [info] /home/elisena/Code/SkripsiL/2simulasi/Kalibrasi/kalibrasiSimpel/1kalibrasiSimpelserver.py.git closed
2024-02-04 15:19:54.593 [info] Active editor: file:///home/elisena/Code/SkripsiL/2simulasi/Kalibrasi/kalibrasiSimpel/1kalibrasiSimpel%20copy.py
2024-02-04 15:19:54.596 [info] /home/elisena/Code/SkripsiL/2simulasi/Kalibrasi/kalibrasiSimpel/1kalibrasiSimpel.py.git closed
2024-02-04 15:20:06.357 [info] Active editor: file:///home/elisena/Code/SkripsiL/2simulasi/Kalibrasi/kalibrasiSimpel/1kalibrasiSimpel.py
2024-02-04 15:20:06.370 [info] /home/elisena/Code/SkripsiL/2simulasi/Kalibrasi/kalibrasiSimpel/1kalibrasiSimpel copy.py.git closed
2024-02-04 15:20:37.243 [info] Active editor: file:///home/elisena/Code/SkripsiL/2simulasi/Kalibrasi/kalibrasiSimpel/1kalibrasiSimpel.py
2024-02-04 15:20:38.476 [info] Active editor: file:///home/elisena/Code/SkripsiL/2simulasi/Kalibrasi/kalibrasiSimpel/1kalibrasiSimpel%20copy.py
2024-02-04 15:20:38.478 [info] /home/elisena/Code/SkripsiL/2simulasi/Kalibrasi/kalibrasiSimpel/1kalibrasiSimpel.py.git closed
2024-02-04 15:20:53.138 [info] Active editor: gitlens://7b22726566223a2262636132323635353532323034663865323631623930326336656333333937646162393236363637222c227265706f50617468223a222f686f6d652f656c6973656e612f436f64652f536b72697073694c227d/home/elisena/Code/SkripsiL/2simulasi/Kalibrasi/kalibrasiSimpel/1kalibrasiSimpel.py?%7B%22ref%22%3A%22bca2265%22%7D
2024-02-04 15:20:53.155 [info] /home/elisena/Code/SkripsiL/2simulasi/Kalibrasi/kalibrasiSimpel/1kalibrasiSimpel copy.py.git closed
2024-02-04 15:21:22.318 [info] /home/elisena/Code/SkripsiL/2simulasi/Kalibrasi/kalibrasiSimpel/1kalibrasiSimpel.py closed
2024-02-04 15:21:22.332 [info] Active editor: file:///home/elisena/Code/SkripsiL/2simulasi/Kalibrasi/kalibrasiSimpel/1kalibrasiSimpel%20copy.py
2024-02-04 15:21:24.001 [info] /home/elisena/Code/SkripsiL/2simulasi/Kalibrasi/kalibrasiSimpel/1kalibrasiSimpelserver.py closed
2024-02-04 15:21:25.595 [info] /home/elisena/Code/SkripsiL/2simulasi/Kalibrasi/kalibrasiSimpel/1kalibrasiSimpel.py closed
2024-02-04 15:21:28.560 [info] /home/elisena/Code/SkripsiL/2simulasi/Kalibrasi/kalibrasiSimpel/1kalibrasiSimpel copy.py closed
2024-02-04 15:21:28.571 [info] Active editor: file:///home/elisena/Code/SkripsiL/2simulasi/Kalibrasi/kalibrasiSimpel/1kalibrasiSimpel.py
2024-02-04 15:21:28.606 [info] /home/elisena/Code/SkripsiL/2simulasi/Kalibrasi/kalibrasiSimpel/1kalibrasiSimpel copy.py.git closed
2024-02-04 15:21:29.655 [info] /home/elisena/Code/SkripsiL/2simulasi/Kalibrasi/kalibrasiSimpel/1kalibrasiSimpel.py closed
2024-02-04 15:21:29.697 [info] Active editor: file:///home/elisena/Code/SkripsiL/README.md
2024-02-04 15:21:29.733 [info] /home/elisena/Code/SkripsiL/2simulasi/Kalibrasi/kalibrasiSimpel/1kalibrasiSimpel.py.git closed
2024-02-04 15:21:30.696 [info] /home/elisena/Code/SkripsiL/README.md closed
2024-02-04 15:21:30.697 [info] /home/elisena/Code/SkripsiL/README.md.git closed
2024-02-04 15:21:43.032 [info] Active editor: file:///home/elisena/Code/SkripsiL/2simulasi/Kalibrasi/kalibrasiSimpel/1kalibrasiSimpel.py
2024-02-04 15:23:42.953 [info] Active editor: file:///home/elisena/Code/SkripsiL/2simulasi/Kalibrasi/kalibrasiSimpel/1kalibrasiSimpel%20copy.py
2024-02-04 15:23:43.020 [info] /home/elisena/Code/SkripsiL/2simulasi/Kalibrasi/kalibrasiSimpel/1kalibrasiSimpel.py.git closed
2024-02-04 15:23:51.962 [info] Active editor: file:///home/elisena/Code/SkripsiL/2simulasi/Kalibrasi/kalibrasiSimpel/1kalibrasiSimpel.py
2024-02-04 15:23:51.991 [info] /home/elisena/Code/SkripsiL/2simulasi/Kalibrasi/kalibrasiSimpel/1kalibrasiSimpel copy.py.git closed
2024-02-04 15:24:47.820 [info] Active editor: file:///home/elisena/Code/SkripsiL/2simulasi/Kalibrasi/kalibrasiSimpel/1kalibrasiSimpel%20copy.py
