[2024-02-05 20:48:08.252] Starting Git Graph ...
[2024-02-05 20:48:08.265] Using git (version: 2.43.0)
[2024-02-05 20:48:08.280] Started Git Graph - Ready to use!
[2024-02-05 20:48:08.281] Searching workspace for new repos ...
[2024-02-05 20:48:08.289] > git rev-parse --show-toplevel
[2024-02-05 20:48:08.332] Completed searching workspace for new repos
[2024-02-05 20:48:08.334] Successfully set Visual Studio Code Context "git-graph:codiconsSupported" to "true"
[2024-02-05 20:52:36.669] > git rev-parse --show-toplevel
[2024-02-05 20:58:58.369] > git rev-parse --show-toplevel
[2024-02-05 20:58:58.379] > git rev-parse --show-toplevel
[2024-02-05 20:58:58.390] > git rev-parse --show-toplevel
[2024-02-05 20:58:58.401] > git rev-parse --show-toplevel
[2024-02-05 20:59:08.751] > git rev-parse --show-toplevel
[2024-02-05 20:59:08.753] Added new repo: /home/elisena/.config
[2024-02-05 20:59:08.755] Showing "Git Graph" Status Bar Item
[2024-02-05 21:00:04.677] Removed repo: /home/elisena/.config
[2024-02-05 21:00:04.677] Hiding "Git Graph" Status Bar Item
[2024-02-05 21:00:10.911] > git rev-parse --show-toplevel
[2024-02-05 21:00:10.912] Added new repo: /home/elisena/.config
[2024-02-05 21:00:10.914] Showing "Git Graph" Status Bar Item
