00:00:00.553176 VirtualBox GUI VM Selector Window 7.0.14 r161095 linux.amd64 (Jan 16 2024 21:13:22) release log
00:00:00.553178 Log opened 2024-01-26T02:41:01.473946000Z
00:00:00.553179 Build Type: release
00:00:00.553181 OS Product: Linux
00:00:00.553182 OS Release: 6.7.0-arch3-1
00:00:00.553183 OS Version: #1 SMP PREEMPT_DYNAMIC Sat, 13 Jan 2024 14:37:14 +0000
00:00:00.553242 DMI Product Name: ROG Zephyrus G14 GA401QH_GA401QH
00:00:00.553257 DMI Product Version: 1.0       
00:00:00.553264 Firmware type: UEFI
00:00:00.553376 Secure Boot: Disabled
00:00:00.553430 Host RAM: 15393MB (15.0GB) total, 11264MB (11.0GB) available
00:00:00.553434 Executable: /usr/lib/virtualbox/VirtualBox
00:00:00.553435 Process ID: 11807
00:00:00.553435 Package type: LINUX_64BITS_GENERIC (OSE)
00:00:00.553485 Qt version: 5.15.12
00:00:00.555195 GUI: UIMediumEnumerator: Initial medium-enumeration finished!
00:00:00.568395 GUI: UIMediumEnumerator: Medium-enumeration started...
00:00:01.486518 GUI: UIMediumEnumerator: Medium-enumeration finished!
00:00:01.561642 GUI: UIDesktopWidgetWatchdog::sltHandleHostScreenAvailableGeometryCalculated: Screen 0 work area is actually resized to: 480x194 x 960x540
00:00:04.785329 GUI: UICommon: Handling aboutToQuit request..
00:00:05.949364 GUI: UICommon: aboutToQuit request handled!
