00:00:00.001431 main     VirtualBox XPCOM Server 7.0.14 r161095 linux.amd64 (Jan 16 2024 21:13:22) release log
00:00:00.001433 main     Log opened 2024-01-26T02:41:01.222544000Z
00:00:00.001434 main     Build Type: release
00:00:00.001437 main     OS Product: Linux
00:00:00.001437 main     OS Release: 6.7.0-arch3-1
00:00:00.001438 main     OS Version: #1 SMP PREEMPT_DYNAMIC Sat, 13 Jan 2024 14:37:14 +0000
00:00:00.001472 main     DMI Product Name: ROG Zephyrus G14 GA401QH_GA401QH
00:00:00.001486 main     DMI Product Version: 1.0       
00:00:00.001493 main     Firmware type: UEFI
00:00:00.001733 main     Secure Boot: Disabled
00:00:00.001793 main     Host RAM: 15393MB (15.0GB) total, 11278MB (11.0GB) available
00:00:00.001797 main     Executable: /usr/lib/virtualbox/VBoxSVC
00:00:00.001797 main     Process ID: 11834
00:00:00.001798 main     Package type: LINUX_64BITS_GENERIC (OSE)
00:00:00.004376 main     IPC socket path: /tmp/.vbox-elisena-ipc/ipcd
00:00:00.116101 nspr-2   VirtualBox: object creation starts
00:00:00.117470 nspr-2   Home directory: '/home/elisena/.config/VirtualBox'
00:00:00.118299 nspr-2   Loading settings file "/home/elisena/.config/VirtualBox/VirtualBox.xml" with version "1.12-linux"
00:00:00.139176 nspr-2   NetIfAdpCtlOut: VBoxNetAdpCtl: Error while retrieving link speed for wlp2s0: VBoxNetAdpCtl: ioctl failed: Operation not supported
00:00:00.141037 nspr-2   HostDnsMonitor: initializing
00:00:00.141438 nspr-2   NAT: resolv.conf: nameserver 192.168.0.1
00:00:00.141463 nspr-2   HostDnsMonitor: updating information
00:00:00.141506 nspr-2   HostDnsMonitor: old information
00:00:00.141509 nspr-2     no server entries
00:00:00.141512 nspr-2     no domain set
00:00:00.141515 nspr-2     no search string entries
00:00:00.141517 nspr-2   HostDnsMonitor: new information
00:00:00.141520 nspr-2     server 1: 192.168.0.1
00:00:00.141523 nspr-2     no domain set
00:00:00.141525 nspr-2     no search string entries
00:00:00.145965 nspr-2   VD: VDInit finished with VINF_SUCCESS
00:00:00.147120 nspr-2   ERROR [COM]: aRC=NS_ERROR_FAILURE (0x80004005) aIID={aac6c7cb-a371-4c58-ab51-0616896b2f2c} aComponent={SystemPropertiesWrap} aText={Cannot determine default Guest Additions ISO location. Most likely they are not available}, preserve=false aResultDetail=0
00:00:00.150629 nspr-2   Loading settings file "/home/elisena/VirtualBox VMs/Archtry/Archtry.vbox" with version "1.19-linux"
00:00:00.151700 nspr-2   VirtualBox: object created
00:00:01.200240 nspr-4   WARNING [COM]: aRC=NS_ERROR_FAILURE (0x80004005) aIID={e54f6256-97a7-4947-8a78-10c013ddf4b8} aComponent={HostWrap} aText={VirtualBox is not currently allowed to access USB devices.  You can change this by adding your user to the 'vboxusers' group.  Please see the user manual for a more detailed explanation}, preserve=true aResultDetail=0
00:00:01.204430 nspr-2   WARNING [COM]: aRC=NS_ERROR_FAILURE (0x80004005) aIID={e54f6256-97a7-4947-8a78-10c013ddf4b8} aComponent={HostWrap} aText={VirtualBox is not currently allowed to access USB devices.  You can change this by adding your user to the 'vboxusers' group.  Please see the user manual for a more detailed explanation}, preserve=false aResultDetail=0
00:00:01.298316 nspr-3   ERROR [COM]: aRC=VBOX_E_INVALID_VM_STATE (0x80bb0002) aIID={300763af-5d6b-46e6-aa96-273eac15538a} aComponent={MachineWrap} aText={The machine is not mutable (state is PoweredOff)}, preserve=false aResultDetail=0
00:00:01.498821 nspr-5   WARNING [COM]: aRC=NS_ERROR_FAILURE (0x80004005) aIID={e54f6256-97a7-4947-8a78-10c013ddf4b8} aComponent={HostWrap} aText={VirtualBox is not currently allowed to access USB devices.  You can change this by adding your user to the 'vboxusers' group.  Please see the user manual for a more detailed explanation}, preserve=true aResultDetail=0
00:00:01.502084 nspr-5   WARNING [COM]: aRC=NS_ERROR_FAILURE (0x80004005) aIID={e54f6256-97a7-4947-8a78-10c013ddf4b8} aComponent={HostWrap} aText={VirtualBox is not currently allowed to access USB devices.  You can change this by adding your user to the 'vboxusers' group.  Please see the user manual for a more detailed explanation}, preserve=true aResultDetail=0
00:00:02.089370 nspr-4   Saving settings file "/home/elisena/.config/VirtualBox/VirtualBox.xml" with version "1.12-linux"
00:00:02.101970 nspr-4   Finished saving settings file "/home/elisena/.config/VirtualBox/VirtualBox.xml"
00:00:10.631006 main     VirtualBox: object deletion starts
00:00:10.631099 main     ERROR [COM]: aRC=VBOX_E_OBJECT_IN_USE (0x80bb000c) aIID={ad47ad09-787b-44ab-b343-a082a3f2dfb1} aComponent={MediumWrap} aText={Medium '/home/elisena/VirtualBox VMs/Archtry/Archtry.vdi' cannot be closed because it is still attached to 1 virtual machines}, preserve=false aResultDetail=0
00:00:10.631640 main     HostDnsMonitor: shutting down ...
00:00:10.631935 main     HostDnsMonitor: shut down
00:00:10.642598 Watcher  ERROR [COM]: aRC=E_ACCESSDENIED (0x80070005) aIID={7682d5eb-f00e-44f1-8ca2-99d08b1cd607} aComponent={VirtualBoxWrap} aText={The object is not ready}, preserve=false aResultDetail=0
00:00:10.642748 main     VirtualBox: object deleted
