2024-02-05 20:48:08.408 [info] Log level: Info
2024-02-05 20:48:08.408 [info] Validating found git in: "git"
2024-02-05 20:48:08.408 [info] Using git "2.43.0" from "git"
2024-02-05 20:48:08.408 [info] > git rev-parse --show-toplevel [4ms]
2024-02-05 20:48:08.408 [info] fatal: not a git repository (or any of the parent directories): .git
2024-02-05 20:48:08.413 [info] > git rev-parse --show-toplevel [6ms]
2024-02-05 20:48:08.413 [info] fatal: not a git repository (or any of the parent directories): .git
2024-02-05 20:48:08.430 [info] > git rev-parse --show-toplevel [8ms]
2024-02-05 20:48:08.431 [info] fatal: not a git repository (or any of the parent directories): .git
2024-02-05 20:48:08.441 [info] > git rev-parse --show-toplevel [2ms]
2024-02-05 20:48:08.442 [info] fatal: not a git repository (or any of the parent directories): .git
2024-02-05 20:48:09.624 [info] > git rev-parse --show-toplevel [253ms]
2024-02-05 20:48:09.625 [info] fatal: not a git repository (or any of the parent directories): .git
2024-02-05 20:48:09.726 [info] > git rev-parse --show-toplevel [37ms]
2024-02-05 20:48:09.726 [info] fatal: not a git repository (or any of the parent directories): .git
2024-02-05 20:48:09.773 [info] > git rev-parse --show-toplevel [26ms]
2024-02-05 20:48:09.773 [info] fatal: not a git repository (or any of the parent directories): .git
2024-02-05 20:48:09.799 [info] > git rev-parse --show-toplevel [3ms]
2024-02-05 20:48:09.799 [info] fatal: not a git repository (or any of the parent directories): .git
2024-02-05 20:48:09.821 [info] > git rev-parse --show-toplevel [3ms]
2024-02-05 20:48:09.821 [info] fatal: not a git repository (or any of the parent directories): .git
2024-02-05 20:48:09.838 [info] > git rev-parse --show-toplevel [2ms]
2024-02-05 20:48:09.838 [info] fatal: not a git repository (or any of the parent directories): .git
2024-02-05 20:48:09.855 [info] > git rev-parse --show-toplevel [2ms]
2024-02-05 20:48:09.856 [info] fatal: not a git repository (or any of the parent directories): .git
2024-02-05 20:48:09.872 [info] > git rev-parse --show-toplevel [1ms]
2024-02-05 20:48:09.872 [info] fatal: not a git repository (or any of the parent directories): .git
2024-02-05 20:48:09.891 [info] > git rev-parse --show-toplevel [2ms]
2024-02-05 20:48:09.891 [info] fatal: not a git repository (or any of the parent directories): .git
2024-02-05 20:48:09.909 [info] > git rev-parse --show-toplevel [2ms]
2024-02-05 20:48:09.909 [info] fatal: not a git repository (or any of the parent directories): .git
2024-02-05 20:48:09.927 [info] > git rev-parse --show-toplevel [2ms]
2024-02-05 20:48:09.927 [info] fatal: not a git repository (or any of the parent directories): .git
2024-02-05 20:48:09.944 [info] > git rev-parse --show-toplevel [2ms]
2024-02-05 20:48:09.944 [info] fatal: not a git repository (or any of the parent directories): .git
2024-02-05 20:48:09.962 [info] > git rev-parse --show-toplevel [2ms]
2024-02-05 20:48:09.962 [info] fatal: not a git repository (or any of the parent directories): .git
2024-02-05 20:48:09.980 [info] > git rev-parse --show-toplevel [2ms]
2024-02-05 20:48:09.980 [info] fatal: not a git repository (or any of the parent directories): .git
2024-02-05 20:48:09.997 [info] > git rev-parse --show-toplevel [2ms]
2024-02-05 20:48:09.997 [info] fatal: not a git repository (or any of the parent directories): .git
2024-02-05 20:48:10.014 [info] > git rev-parse --show-toplevel [1ms]
2024-02-05 20:48:10.014 [info] fatal: not a git repository (or any of the parent directories): .git
2024-02-05 20:48:10.047 [info] > git rev-parse --show-toplevel [2ms]
2024-02-05 20:48:10.047 [info] fatal: not a git repository (or any of the parent directories): .git
2024-02-05 20:48:10.102 [info] > git rev-parse --show-toplevel [38ms]
2024-02-05 20:48:10.102 [info] fatal: not a git repository (or any of the parent directories): .git
2024-02-05 20:48:10.134 [info] > git rev-parse --show-toplevel [14ms]
2024-02-05 20:48:10.134 [info] fatal: not a git repository (or any of the parent directories): .git
2024-02-05 20:48:10.153 [info] > git rev-parse --show-toplevel [2ms]
2024-02-05 20:48:10.153 [info] fatal: not a git repository (or any of the parent directories): .git
2024-02-05 20:48:10.172 [info] > git rev-parse --show-toplevel [2ms]
2024-02-05 20:48:10.172 [info] fatal: not a git repository (or any of the parent directories): .git
2024-02-05 20:48:10.190 [info] > git rev-parse --show-toplevel [2ms]
2024-02-05 20:48:10.190 [info] fatal: not a git repository (or any of the parent directories): .git
2024-02-05 20:48:10.209 [info] > git rev-parse --show-toplevel [2ms]
2024-02-05 20:48:10.209 [info] fatal: not a git repository (or any of the parent directories): .git
2024-02-05 20:48:10.227 [info] > git rev-parse --show-toplevel [2ms]
2024-02-05 20:48:10.227 [info] fatal: not a git repository (or any of the parent directories): .git
2024-02-05 20:48:10.267 [info] > git rev-parse --show-toplevel [24ms]
2024-02-05 20:48:10.267 [info] fatal: not a git repository (or any of the parent directories): .git
2024-02-05 20:48:10.291 [info] > git rev-parse --show-toplevel [4ms]
2024-02-05 20:48:10.291 [info] fatal: not a git repository (or any of the parent directories): .git
2024-02-05 20:48:10.312 [info] > git rev-parse --show-toplevel [2ms]
2024-02-05 20:48:10.312 [info] fatal: not a git repository (or any of the parent directories): .git
2024-02-05 20:48:10.330 [info] > git rev-parse --show-toplevel [2ms]
2024-02-05 20:48:10.330 [info] fatal: not a git repository (or any of the parent directories): .git
2024-02-05 20:48:10.346 [info] > git rev-parse --show-toplevel [1ms]
2024-02-05 20:48:10.346 [info] fatal: not a git repository (or any of the parent directories): .git
2024-02-05 20:48:10.363 [info] > git rev-parse --show-toplevel [2ms]
2024-02-05 20:48:10.363 [info] fatal: not a git repository (or any of the parent directories): .git
2024-02-05 20:48:10.381 [info] > git rev-parse --show-toplevel [2ms]
2024-02-05 20:48:10.382 [info] fatal: not a git repository (or any of the parent directories): .git
2024-02-05 20:48:10.400 [info] > git rev-parse --show-toplevel [2ms]
2024-02-05 20:48:10.400 [info] fatal: not a git repository (or any of the parent directories): .git
2024-02-05 20:48:10.421 [info] > git rev-parse --show-toplevel [2ms]
2024-02-05 20:48:10.421 [info] fatal: not a git repository (or any of the parent directories): .git
2024-02-05 20:48:10.441 [info] > git rev-parse --show-toplevel [2ms]
2024-02-05 20:48:10.442 [info] fatal: not a git repository (or any of the parent directories): .git
2024-02-05 20:48:10.462 [info] > git rev-parse --show-toplevel [2ms]
2024-02-05 20:48:10.462 [info] fatal: not a git repository (or any of the parent directories): .git
2024-02-05 20:48:10.479 [info] > git rev-parse --show-toplevel [2ms]
2024-02-05 20:48:10.479 [info] fatal: not a git repository (or any of the parent directories): .git
2024-02-05 20:48:10.496 [info] > git rev-parse --show-toplevel [2ms]
2024-02-05 20:48:10.496 [info] fatal: not a git repository (or any of the parent directories): .git
2024-02-05 20:48:10.517 [info] > git rev-parse --show-toplevel [1ms]
2024-02-05 20:48:10.517 [info] fatal: not a git repository (or any of the parent directories): .git
2024-02-05 20:48:10.539 [info] > git rev-parse --show-toplevel [3ms]
2024-02-05 20:48:10.564 [info] > git rev-parse --git-dir --git-common-dir [2ms]
2024-02-05 20:48:10.571 [info] Open repository: /home/elisena/.config/nvim
2024-02-05 20:48:10.670 [info] > git rev-parse --show-toplevel [63ms]
2024-02-05 20:48:10.670 [info] fatal: not a git repository (or any of the parent directories): .git
2024-02-05 20:48:10.671 [info] > git config --get commit.template [79ms]
2024-02-05 20:48:10.722 [info] > git rev-parse --show-toplevel [21ms]
2024-02-05 20:48:10.722 [info] fatal: not a git repository (or any of the parent directories): .git
2024-02-05 20:48:10.743 [info] > git for-each-ref --format=%(refname)%00%(upstream:short)%00%(objectname)%00%(upstream:track)%00%(upstream:remotename)%00%(upstream:remoteref) refs/heads/v2.0 refs/remotes/v2.0 [25ms]
2024-02-05 20:48:10.779 [warning] ENOENT: no such file or directory, open '/home/elisena/.config/nvim/.git/refs/remotes/origin/v2.0'
2024-02-05 20:48:10.780 [info] > git rev-parse --show-toplevel [38ms]
2024-02-05 20:48:10.780 [info] fatal: not a git repository (or any of the parent directories): .git
2024-02-05 20:48:10.807 [info] > git rev-parse refs/remotes/origin/v2.0 [28ms]
2024-02-05 20:48:10.828 [info] > git rev-parse --show-toplevel [21ms]
2024-02-05 20:48:10.828 [info] fatal: not a git repository (or any of the parent directories): .git
2024-02-05 20:48:10.859 [info] > git status -z -uall [33ms]
2024-02-05 20:48:10.859 [info] > git rev-parse --show-toplevel [14ms]
2024-02-05 20:48:10.859 [info] fatal: not a git repository (or any of the parent directories): .git
2024-02-05 20:48:10.900 [info] > git rev-parse --show-toplevel [19ms]
2024-02-05 20:48:10.900 [info] fatal: not a git repository (or any of the parent directories): .git
2024-02-05 20:48:10.918 [info] > git config --get commit.template [20ms]
2024-02-05 20:48:10.937 [info] > git rev-parse --show-toplevel [20ms]
2024-02-05 20:48:10.937 [info] fatal: not a git repository (or any of the parent directories): .git
2024-02-05 20:48:10.958 [info] > git for-each-ref --format=%(refname)%00%(upstream:short)%00%(objectname)%00%(upstream:track)%00%(upstream:remotename)%00%(upstream:remoteref) refs/heads/v2.0 refs/remotes/v2.0 [22ms]
2024-02-05 20:48:10.976 [warning] ENOENT: no such file or directory, open '/home/elisena/.config/nvim/.git/refs/remotes/origin/v2.0'
2024-02-05 20:48:10.978 [info] > git rev-parse --show-toplevel [21ms]
2024-02-05 20:48:10.978 [info] fatal: not a git repository (or any of the parent directories): .git
2024-02-05 20:48:10.997 [info] > git rev-parse refs/remotes/origin/v2.0 [21ms]
2024-02-05 20:48:11.016 [info] > git rev-parse --show-toplevel [19ms]
2024-02-05 20:48:11.016 [info] fatal: not a git repository (or any of the parent directories): .git
2024-02-05 20:48:11.090 [info] > git status -z -uall [75ms]
2024-02-05 20:48:11.090 [info] > git rev-parse --show-toplevel [56ms]
2024-02-05 20:48:11.090 [info] fatal: not a git repository (or any of the parent directories): .git
2024-02-05 20:48:11.119 [info] > git rev-parse --show-toplevel [9ms]
2024-02-05 20:48:11.119 [info] fatal: not a git repository (or any of the parent directories): .git
2024-02-05 20:48:11.138 [info] > git rev-parse --show-toplevel [2ms]
2024-02-05 20:48:11.138 [info] fatal: not a git repository (or any of the parent directories): .git
2024-02-05 20:48:11.158 [info] > git rev-parse --show-toplevel [2ms]
2024-02-05 20:48:11.158 [info] fatal: not a git repository (or any of the parent directories): .git
2024-02-05 20:48:11.193 [info] > git check-ignore -v -z --stdin [2ms]
2024-02-05 20:48:11.194 [info] > git rev-parse --show-toplevel [20ms]
2024-02-05 20:48:11.194 [info] fatal: not a git repository (or any of the parent directories): .git
2024-02-05 20:48:11.215 [info] > git rev-parse --show-toplevel [3ms]
2024-02-05 20:48:11.215 [info] fatal: not a git repository (or any of the parent directories): .git
2024-02-05 20:48:11.245 [info] > git rev-parse --show-toplevel [10ms]
2024-02-05 20:48:11.245 [info] fatal: not a git repository (or any of the parent directories): .git
2024-02-05 20:48:11.269 [info] > git rev-parse --show-toplevel [1ms]
2024-02-05 20:48:11.269 [info] fatal: not a git repository (or any of the parent directories): .git
2024-02-05 20:48:11.288 [info] > git rev-parse --show-toplevel [2ms]
2024-02-05 20:48:11.288 [info] fatal: not a git repository (or any of the parent directories): .git
2024-02-05 20:48:11.307 [info] > git rev-parse --show-toplevel [2ms]
2024-02-05 20:48:11.307 [info] fatal: not a git repository (or any of the parent directories): .git
2024-02-05 20:48:11.326 [info] > git rev-parse --show-toplevel [2ms]
2024-02-05 20:48:11.326 [info] fatal: not a git repository (or any of the parent directories): .git
2024-02-05 20:48:11.345 [info] > git rev-parse --show-toplevel [3ms]
2024-02-05 20:48:11.345 [info] fatal: not a git repository (or any of the parent directories): .git
2024-02-05 20:48:11.363 [info] > git rev-parse --show-toplevel [2ms]
2024-02-05 20:48:11.363 [info] fatal: not a git repository (or any of the parent directories): .git
2024-02-05 20:48:11.382 [info] > git rev-parse --show-toplevel [1ms]
2024-02-05 20:48:11.382 [info] fatal: not a git repository (or any of the parent directories): .git
2024-02-05 20:48:11.402 [info] > git rev-parse --show-toplevel [1ms]
2024-02-05 20:48:11.402 [info] fatal: not a git repository (or any of the parent directories): .git
2024-02-05 20:48:11.421 [info] > git rev-parse --show-toplevel [1ms]
2024-02-05 20:48:11.421 [info] fatal: not a git repository (or any of the parent directories): .git
2024-02-05 20:48:11.438 [info] > git rev-parse --show-toplevel [1ms]
2024-02-05 20:48:11.438 [info] fatal: not a git repository (or any of the parent directories): .git
2024-02-05 20:48:11.456 [info] > git rev-parse --show-toplevel [2ms]
2024-02-05 20:48:11.456 [info] fatal: not a git repository (or any of the parent directories): .git
2024-02-05 20:59:07.772 [info] > git rev-parse --show-toplevel [1ms]
2024-02-05 20:59:07.781 [info] > git rev-parse --git-dir --git-common-dir [1ms]
2024-02-05 20:59:07.787 [info] Open repository: /home/elisena/.config
2024-02-05 20:59:07.799 [info] > git config --get commit.template [2ms]
2024-02-05 20:59:07.808 [info] No remotes found in the git config file.
2024-02-05 20:59:07.809 [info] > git for-each-ref --format=%(refname)%00%(upstream:short)%00%(objectname)%00%(upstream:track)%00%(upstream:remotename)%00%(upstream:remoteref) refs/heads/master refs/remotes/master [1ms]
2024-02-05 20:59:07.809 [warning] No such branch: master.
2024-02-05 20:59:07.868 [info] > git status -z -uall [51ms] (cancelled)
2024-02-05 20:59:08.254 [info] > git rev-parse --show-toplevel [1ms]
2024-02-05 20:59:08.321 [info] > git check-ignore -v -z --stdin [10ms]
2024-02-05 20:59:08.322 [info] > git check-ignore -v -z --stdin [2ms]
2024-02-05 20:59:13.730 [info] > git config --get commit.template [2ms]
2024-02-05 20:59:13.742 [info] No remotes found in the git config file.
2024-02-05 20:59:13.743 [info] > git for-each-ref --format=%(refname)%00%(upstream:short)%00%(objectname)%00%(upstream:track)%00%(upstream:remotename)%00%(upstream:remoteref) refs/heads/master refs/remotes/master [1ms]
2024-02-05 20:59:13.743 [warning] No such branch: master.
2024-02-05 20:59:14.362 [info] > git status -z -uall [611ms] (cancelled)
2024-02-05 21:00:07.387 [info] > git check-ignore -v -z --stdin [1ms]
2024-02-05 21:00:55.050 [info] > git config --get commit.template [1ms]
2024-02-05 21:00:55.059 [info] > git for-each-ref --format=%(refname)%00%(upstream:short)%00%(objectname)%00%(upstream:track)%00%(upstream:remotename)%00%(upstream:remoteref) refs/heads/v2.0 refs/remotes/v2.0 [0ms]
2024-02-05 21:00:55.067 [warning] ENOENT: no such file or directory, open '/home/elisena/.config/nvim/.git/refs/remotes/origin/v2.0'
2024-02-05 21:00:55.068 [info] > git rev-parse refs/remotes/origin/v2.0 [1ms]
2024-02-05 21:00:55.076 [info] > git status -z -uall [0ms]
